<?xml version="1.0" encoding="UTF-8" ?>
<testsuite tests="9" failures="0" name="apiTests.VehicleTest" time="9.354" errors="0" skipped="0">
  <properties>
[...]
</properties>
  <testcase classname="apiTests.VehicleTest" name="jsonData" time="3.578"/>
  <testcase classname="apiTests.VehicleTest" name="canIRetrieveData" time="0.481"/>
  <testcase classname="apiTests.VehicleTest" name="checkSkyHopper" time="1.511"/>
  <testcase classname="apiTests.VehicleTest" name="checkSkyHopperLength" time="0.63"/>
  <testcase classname="apiTests.VehicleTest" name="checkSkyHopperURL" time="0.79"/>
  <testcase classname="apiTests.VehicleTest" name="quickTest" time="0.51"/>
  <testcase classname="apiTests.VehicleTest" name="listSize" time="0.496"/>
  <testcase classname="apiTests.VehicleTest" name="checkSkyHopperClass" time="0.644"/>
  <testcase classname="apiTests.VehicleTest" name="checkSkyHopperModel" time="0.714"/>
</testsuite>